2025-04-09 11:16:43 [ERROR]: Registration error: 
2025-04-09 11:27:28 [ERROR]: Registration error: pool.query is not a function
2025-04-09 11:27:31 [ERROR]: Registration error: pool.query is not a function
2025-04-09 12:09:15 [ERROR]: Registration error: relation "employees" does not exist
2025-04-09 12:14:44 [ERROR]: Registration error: relation "employees" does not exist
2025-04-09 12:14:55 [ERROR]: Registration error: relation "employees" does not exist
2025-04-09 12:26:45 [ERROR]: Registration error: Missing credentials for "PLAIN"
2025-04-09 12:28:45 [ERROR]: Registration error: column "company_email" of relation "employees" does not exist
2025-04-09 12:32:40 [INFO]: Employee registered: COM2025IT0000003 | Email: chandukuruboss2003@gmail.com
2025-04-09 12:32:43 [WARN]: Registration failed: Email already exists - chandukuruboss2003@gmail.com
2025-04-09 12:38:08 [INFO]: Password reset successfully for chandan.m@digitalbanket.ai
2025-04-09 12:38:25 [INFO]: Login successful for chandan.m@digitalbanket.ai
2025-04-09 15:52:49 [ERROR]: Registration error: Invalid login: 535-5.7.8 Username and Password not accepted. For more information, go to
535 5.7.8  https://support.google.com/mail/?p=BadCredentials d9443c01a7336-22ac7c93b48sm8148215ad.153 - gsmtp
2025-04-09 15:53:55 [ERROR]: Registration error: Invalid login: 535-5.7.8 Username and Password not accepted. For more information, go to
535 5.7.8  https://support.google.com/mail/?p=BadCredentials d9443c01a7336-22ac7cb5527sm8139665ad.173 - gsmtp
2025-04-09 15:55:26 [ERROR]: Registration error: Invalid login: 535-5.7.8 Username and Password not accepted. For more information, go to
535 5.7.8  https://support.google.com/mail/?p=BadCredentials d9443c01a7336-22ac7badb19sm8226405ad.106 - gsmtp
2025-04-09 15:59:13 [ERROR]: Registration error: Invalid login: 535-5.7.8 Username and Password not accepted. For more information, go to
535 5.7.8  https://support.google.com/mail/?p=BadCredentials d9443c01a7336-22ac7b8afeesm8337965ad.73 - gsmtp
2025-04-09 16:02:48 [ERROR]: Registration error: Invalid login: 535-5.7.8 Username and Password not accepted. For more information, go to
535 5.7.8  https://support.google.com/mail/?p=BadCredentials 98e67ed59e1d1-306dd188c8asm1206721a91.49 - gsmtp
2025-04-09 16:04:23 [INFO]: Employee registered: COM2025HA0000009 | Email: omusnagansur989@gmail.com
2025-04-09 16:06:59 [WARN]: Reset password failed: Incorrect temporary password for omkar.sn@digitalbanket.ai
2025-04-09 16:07:14 [INFO]: Password reset successfully for omkar.sn@digitalbanket.ai
2025-04-09 16:08:02 [WARN]: Reset password failed: Invalid request or password already set for omkar.sn@digitalbanket.ai
2025-04-09 17:00:26 [INFO]: Employee registered: COM2025IT0000010 | Email: chandukuruboss2003@gmail.com
2025-04-09 17:01:36 [INFO]: Password reset successfully for chandu.km@digitalbanket.ai
2025-04-10 10:12:51 [INFO]: Employee registered: COM2025IT0000011 | Email: chandukuruboss2003@gmail.com
2025-04-10 10:13:52 [INFO]: Password reset successfully for chandan.m@digitalbanket.ai
2025-04-10 15:02:28 [INFO]: Employee registered: COM2025HA0000012 | Email: omusnagansur989@gmail.com
2025-04-10 15:03:43 [INFO]: Password reset successfully for omkar.sn@digitalbanket.ai
2025-04-10 16:03:11 [INFO]: Employee registered: COM2025IT0000013 | Email: omsn529@gmail.com
2025-04-11 10:45:04 [INFO]: Employee registered: COM2025IT0000014 | Email: aadityabossbhat@gmail.com
2025-04-11 11:05:42 [INFO]: Employee registered: COM2025IT0000015 | Email: aadityabossbhat@gmail.com
2025-04-11 11:30:22 [INFO]: Employee registered: COM2025IT0000016 | Email: cp7959474@gmail.com
2025-04-11 11:38:32 [WARN]: Reset password failed: Invalid request or password already set for chandan.m@digitalbanket.ai
2025-04-11 14:31:18 [INFO]: Password reset link sent to chandan.m@digitalbanket.ai
2025-04-11 14:31:19 [INFO]: Password reset link sent to chandan.m@digitalbanket.ai
2025-04-11 15:01:21 [INFO]: Password reset successfully for chandan.m@digitalbanket.ai
2025-04-11 15:07:29 [INFO]: Employee registered: COM2025IT0000017 | Email: vn4136@gmail.com
2025-04-11 15:08:04 [ERROR]: Registration error: duplicate key value violates unique constraint "employees_company_email_key"
2025-04-11 15:08:46 [INFO]: Employee registered: COM2025IT0000019 | Email: ven4136@gmail.com
2025-04-11 15:17:52 [ERROR]: Reset password error: jwt must be provided
2025-04-11 15:52:17 [ERROR]: Forgot password error: resetToken is not defined
2025-04-11 15:52:23 [ERROR]: Forgot password error: resetToken is not defined
2025-04-11 17:22:44 [INFO]: Employee registered: COM2025IT0000020 | Email: chandukuruboss2003@gmail.com
2025-04-11 17:23:40 [ERROR]: Reset password error: jwt must be provided
2025-04-11 17:24:50 [ERROR]: Reset password error: jwt must be provided
2025-04-11 17:26:50 [INFO]: Password reset successfully for chandankm@digitalblanket.ai
2025-04-11 18:03:17 [INFO]: Forgot password link sent to personal email: chandukuruboss2003@gmail.com
2025-04-11 18:04:50 [INFO]: Forgot password link sent to personal email: chandukuruboss2003@gmail.com
2025-04-11 18:07:05 [INFO]: Forgot password link sent to personal email: chandankm@digitalblanket.ai
2025-04-11 18:09:06 [INFO]: Forgot password link sent to personal email: chandankm@digitalblanket.ai
2025-04-11 18:15:37 [INFO]: Forgot password link sent to personal email: chandankm@digitalblanket.ai
2025-04-11 18:16:49 [INFO]: Forgot password link sent to personal email: chandankm@digitalblanket.ai
2025-04-11 18:21:46 [INFO]: Forgot password link sent to personal email: chandankm@digitalblanket.ai
2025-04-11 18:22:47 [INFO]: Forgot password link sent to personal email: chandankm@digitalblanket.ai
2025-04-13 12:37:45 [WARN]: Registration failed: Email already exists - omsn529@gmail.com
2025-04-13 12:37:56 [ERROR]: Registration error: column "role" of relation "employees" does not exist
2025-04-13 12:39:19 [ERROR]: Registration error: column "department" of relation "employees" does not exist
2025-04-13 12:39:57 [INFO]: Employee registered: COM2025HR0000012 | Email: omusnagansur989@gmail.com
2025-04-13 12:40:54 [WARN]: Reset password failed: Incorrect temporary password for adminn@digitalblanket.ai
2025-04-13 12:41:12 [WARN]: Reset password failed: Incorrect temporary password for adminn@digitalblanket.ai
2025-04-13 12:42:02 [INFO]: Password reset successfully for adminn@digitalblanket.ai
2025-04-13 12:44:35 [INFO]: Employee registered: COM2025IT0000013 | Email: omsn529@gmail.com
2025-04-13 12:48:45 [INFO]: Employee registered: COM2025IT0000014 | Email: omsn529@gmail.com
2025-04-13 12:51:34 [INFO]: Password reset successfully for omkarsn@digitalblanket.ai
2025-04-13 20:22:29 [INFO]: Employee registered: COM2025IT0000015 | Email: omkar86230@gmail.com
2025-04-13 20:23:41 [INFO]: Password reset successfully for omsn@digitalblanket.ai
2025-04-13 20:50:17 [INFO]: Forgot password link sent to personal email: omkarsn@digitalblanket.ai
2025-04-13 20:52:12 [INFO]: Employee registered: COM2025IT0000016 | Email: omsn529@gmail.com
2025-04-13 20:52:13 [ERROR]: Registration error: duplicate key value violates unique constraint "employees_email_key"
2025-04-13 20:53:54 [INFO]: Employee registered: COM2025IT0000018 | Email: omsn529@gmail.com
2025-04-13 20:54:43 [INFO]: Password reset successfully for omkar.sn@digitalblanket.ai
2025-04-13 20:55:02 [INFO]: Forgot password link sent to personal email: omkar.sn@digitalblanket.ai
2025-04-13 21:01:15 [INFO]: Password updated via forgot password flow for omkar.sn@digitalblanket.ai
2025-04-13 21:05:57 [INFO]: Password updated via forgot password flow for omkar.sn@digitalblanket.ai
2025-04-14 09:27:01 [INFO]: Forgot password link sent to personal email: omkar.sn@digitalblanket.ai
2025-04-14 09:29:05 [INFO]: Password updated via forgot password flow for omkar.sn@digitalblanket.ai
2025-04-14 09:34:31 [INFO]: Employee registered: COM2025HA0000019 | Email: chandukuruboss2003@gmail.com
2025-04-14 09:36:58 [INFO]: Password reset successfully for chandankm@digitalblanket.ai
2025-04-14 10:52:46 [INFO]: Forgot password link sent to personal email: omkar.sn@digitalblanket.ai
2025-04-14 10:53:32 [INFO]: Password updated via forgot password flow for omkar.sn@digitalblanket.ai
2025-04-14 12:19:10 [INFO]: Employee registered: COM2025IT0000020 | Email: kanishk6381782715@gmail.com
2025-04-14 12:20:00 [WARN]: Registration failed: Email already exists - kanishk6381782715@gmail.com
2025-04-14 12:20:22 [ERROR]: Registration error: duplicate key value violates unique constraint "employees_company_email_key"
2025-04-14 12:21:00 [ERROR]: Registration error: duplicate key value violates unique constraint "employees_company_email_key"
2025-04-14 12:28:39 [ERROR]: Registration error: duplicate key value violates unique constraint "employees_company_email_key"
2025-04-16 16:04:05 [ERROR]: Login error:
2025-04-16 16:09:02 [ERROR]: Login error:
2025-04-16 16:12:49 [ERROR]: Login error:
2025-04-16 16:18:07 [ERROR]: Login error:
2025-04-16 16:25:10 [ERROR]: Registration error: pool.query is not a function
2025-04-16 16:28:30 [ERROR]: Registration error: pool.query is not a function
2025-04-16 16:32:30 [INFO]: Employee registered: COM2025IT0000001 | Email: omsn529@gmail.com
2025-04-16 16:35:54 [INFO]: Password reset successfully for omkarn@digitalblanket.ai
2025-04-16 16:44:45 [ERROR]: Login error:
